<?xml version="1.0" encoding="UTF-8"?>
<testsuite xmlns:xsi="http://www.w3.org/2001/XMLSchema-instance" xsi:noNamespaceSchemaLocation="https://maven.apache.org/surefire/maven-surefire-plugin/xsd/surefire-test-report.xsd" name="com.ymmihw.spring.mvc.validator.ClassValidationMvcIntegrationTest" time="1.651" tests="2" errors="0" skipped="0" failures="0">
  <properties>
[...]
</properties>
  <testcase name="givenMatchingEmailPassword_whenPostNewUserForm_thenOk" classname="com.ymmihw.spring.mvc.validator.ClassValidationMvcIntegrationTest" time="1.578"/>
  <testcase name="givenNotMatchingEmailPassword_whenPostNewUserForm_thenOk" classname="com.ymmihw.spring.mvc.validator.ClassValidationMvcIntegrationTest" time="0.057"/>
</testsuite>